2026-06-20 16:16:32.928 Uvicorn server started on 0.0.0.0:8501
2026-06-20 16:34:22.820 Uncaught app execution
Traceback (most recent call last):
  File "D:\smartbuy-ai\.venv\Lib\site-packages\streamlit\runtime\scriptrunner\exec_code.py", line 129, in exec_func_with_error_handling
    result = func()
             ^^^^^^
  File "D:\smartbuy-ai\.venv\Lib\site-packages\streamlit\runtime\scriptrunner\script_runner.py", line 787, in code_to_exec
    _mpa_v1(self._main_script_path)
  File "D:\smartbuy-ai\.venv\Lib\site-packages\streamlit\runtime\scriptrunner\script_runner.py", line 171, in _mpa_v1
    page.run()
  File "D:\smartbuy-ai\.venv\Lib\site-packages\streamlit\navigation\page.py", line 490, in run
    exec(code, module.__dict__)  # noqa: S102
    ^^^^^^^^^^^^^^^^^^^^^^^^^^^
  File "D:\smartbuy-ai\app\pages\99_task_dashboard.py", line 58, in <module>
    st.page_link("app/pages/98_task_documents.py", label="秨币ヴ叭ゅン箇凝", icon="\U0001f4da")
  File "D:\smartbuy-ai\.venv\Lib\site-packages\streamlit\runtime\metrics_util.py", line 698, in wrapped_func
    result = non_optional_func(*args, **kwargs)
             ^^^^^^^^^^^^^^^^^^^^^^^^^^^^^^^^^^
  File "D:\smartbuy-ai\.venv\Lib\site-packages\streamlit\elements\widgets\button.py", line 1297, in page_link
    return self._page_link(
           ^^^^^^^^^^^^^^^^
  File "D:\smartbuy-ai\.venv\Lib\site-packages\streamlit\elements\widgets\button.py", line 1606, in _page_link
    raise StreamlitPageNotFoundError(
streamlit.errors.StreamlitPageNotFoundError: Could not find page: `app/pages/98_task_documents.py`. You must provide a file path relative to the entrypoint file (from the directory `app`). Only the entrypoint file and files in the `pages/` directory are supported.
